{"C:\\Users\\lligu\\GitHub\\matterbridge-eve-room\\src\\index.ts": {"path":"C:\\Users\\lligu\\GitHub\\matterbridge-eve-room\\src\\index.ts","statementMap":{"0":{"start":{"line":12,"column":2},"end":{"line":12,"column":56}}},"fnMap":{"0":{"name":"initializePlugin","decl":{"start":{"line":11,"column":24},"end":{"line":11,"column":40}},"loc":{"start":{"line":11,"column":108},"end":{"line":13,"column":1}}}},"branchMap":{},"s":{"0":1},"f":{"0":1},"b":{}}
,"C:\\Users\\lligu\\GitHub\\matterbridge-eve-room\\src\\platform.ts": {"path":"C:\\Users\\lligu\\GitHub\\matterbridge-eve-room\\src\\platform.ts","statementMap":{"0":{"start":{"line":21,"column":4},"end":{"line":21,"column":37}},"1":{"start":{"line":22,"column":4},"end":{"line":22,"column":62}},"2":{"start":{"line":26,"column":4},"end":{"line":26,"column":67}},"3":{"start":{"line":28,"column":4},"end":{"line":28,"column":114}},"4":{"start":{"line":30,"column":4},"end":{"line":30,"column":57}},"5":{"start":{"line":31,"column":4},"end":{"line":31,"column":51}},"6":{"start":{"line":32,"column":4},"end":{"line":32,"column":160}},"7":{"start":{"line":33,"column":4},"end":{"line":33,"column":83}},"8":{"start":{"line":34,"column":4},"end":{"line":34,"column":58}},"9":{"start":{"line":37,"column":4},"end":{"line":37,"column":73}},"10":{"start":{"line":40,"column":4},"end":{"line":40,"column":78}},"11":{"start":{"line":46,"column":4},"end":{"line":46,"column":72}},"12":{"start":{"line":47,"column":4},"end":{"line":47,"column":38}},"13":{"start":{"line":49,"column":4},"end":{"line":49,"column":41}},"14":{"start":{"line":51,"column":4},"end":{"line":54,"column":7}},"15":{"start":{"line":52,"column":6},"end":{"line":52,"column":76}},"16":{"start":{"line":53,"column":6},"end":{"line":53,"column":38}},"17":{"start":{"line":56,"column":4},"end":{"line":56,"column":128}},"18":{"start":{"line":58,"column":4},"end":{"line":58,"column":46}},"19":{"start":{"line":62,"column":4},"end":{"line":62,"column":40}},"20":{"start":{"line":64,"column":25},"end":{"line":64,"column":26}},"21":{"start":{"line":65,"column":25},"end":{"line":65,"column":26}},"22":{"start":{"line":67,"column":4},"end":{"line":90,"column":6}},"23":{"start":{"line":69,"column":8},"end":{"line":69,"column":48}},"24":{"start":{"line":69,"column":41},"end":{"line":69,"column":48}},"25":{"start":{"line":70,"column":27},"end":{"line":70,"column":57}},"26":{"start":{"line":71,"column":20},"end":{"line":71,"column":57}},"27":{"start":{"line":72,"column":28},"end":{"line":72,"column":64}},"28":{"start":{"line":73,"column":8},"end":{"line":73,"column":63}},"29":{"start":{"line":73,"column":34},"end":{"line":73,"column":63}},"30":{"start":{"line":74,"column":8},"end":{"line":74,"column":63}},"31":{"start":{"line":74,"column":34},"end":{"line":74,"column":63}},"32":{"start":{"line":75,"column":8},"end":{"line":75,"column":63}},"33":{"start":{"line":76,"column":8},"end":{"line":76,"column":63}},"34":{"start":{"line":77,"column":25},"end":{"line":77,"column":60}},"35":{"start":{"line":78,"column":8},"end":{"line":78,"column":98}},"36":{"start":{"line":79,"column":8},"end":{"line":79,"column":99}},"37":{"start":{"line":80,"column":8},"end":{"line":80,"column":120}},"38":{"start":{"line":81,"column":8},"end":{"line":81,"column":126}},"39":{"start":{"line":82,"column":8},"end":{"line":82,"column":126}},"40":{"start":{"line":83,"column":8},"end":{"line":83,"column":122}},"41":{"start":{"line":85,"column":8},"end":{"line":85,"column":74}},"42":{"start":{"line":86,"column":8},"end":{"line":86,"column":100}},"43":{"start":{"line":87,"column":8},"end":{"line":87,"column":165}},"44":{"start":{"line":94,"column":4},"end":{"line":94,"column":70}},"45":{"start":{"line":95,"column":4},"end":{"line":95,"column":32}},"46":{"start":{"line":96,"column":4},"end":{"line":96,"column":33}},"47":{"start":{"line":97,"column":4},"end":{"line":97,"column":85}},"48":{"start":{"line":97,"column":51},"end":{"line":97,"column":85}}},"fnMap":{"0":{"name":"(anonymous_0)","decl":{"start":{"line":20,"column":2},"end":{"line":20,"column":14}},"loc":{"start":{"line":20,"column":81},"end":{"line":23,"column":3}}},"1":{"name":"(anonymous_1)","decl":{"start":{"line":25,"column":11},"end":{"line":25,"column":16}},"loc":{"start":{"line":25,"column":40},"end":{"line":59,"column":3}}},"2":{"name":"(anonymous_2)","decl":{"start":{"line":51,"column":44},"end":{"line":51,"column":49}},"loc":{"start":{"line":51,"column":84},"end":{"line":54,"column":5}}},"3":{"name":"(anonymous_3)","decl":{"start":{"line":61,"column":11},"end":{"line":61,"column":16}},"loc":{"start":{"line":61,"column":28},"end":{"line":91,"column":3}}},"4":{"name":"(anonymous_4)","decl":{"start":{"line":68,"column":6},"end":{"line":68,"column":9}},"loc":{"start":{"line":68,"column":11},"end":{"line":88,"column":7}}},"5":{"name":"(anonymous_5)","decl":{"start":{"line":93,"column":11},"end":{"line":93,"column":16}},"loc":{"start":{"line":93,"column":43},"end":{"line":98,"column":3}}}},"branchMap":{"0":{"loc":{"start":{"line":26,"column":49},"end":{"line":26,"column":65}},"type":"binary-expr","locations":[{"start":{"line":26,"column":49},"end":{"line":26,"column":55}},{"start":{"line":26,"column":59},"end":{"line":26,"column":65}}]},"1":{"loc":{"start":{"line":69,"column":8},"end":{"line":69,"column":48}},"type":"if","locations":[{"start":{"line":69,"column":8},"end":{"line":69,"column":48}}]},"2":{"loc":{"start":{"line":69,"column":12},"end":{"line":69,"column":39}},"type":"binary-expr","locations":[{"start":{"line":69,"column":12},"end":{"line":69,"column":22}},{"start":{"line":69,"column":26},"end":{"line":69,"column":39}}]},"3":{"loc":{"start":{"line":73,"column":8},"end":{"line":73,"column":63}},"type":"if","locations":[{"start":{"line":73,"column":8},"end":{"line":73,"column":63}}]},"4":{"loc":{"start":{"line":74,"column":8},"end":{"line":74,"column":63}},"type":"if","locations":[{"start":{"line":74,"column":8},"end":{"line":74,"column":63}}]},"5":{"loc":{"start":{"line":94,"column":52},"end":{"line":94,"column":68}},"type":"binary-expr","locations":[{"start":{"line":94,"column":52},"end":{"line":94,"column":58}},{"start":{"line":94,"column":62},"end":{"line":94,"column":68}}]},"6":{"loc":{"start":{"line":97,"column":4},"end":{"line":97,"column":85}},"type":"if","locations":[{"start":{"line":97,"column":4},"end":{"line":97,"column":85}}]}},"s":{"0":6,"1":6,"2":1,"3":1,"4":1,"5":1,"6":1,"7":1,"8":1,"9":1,"10":1,"11":1,"12":1,"13":1,"14":1,"15":0,"16":0,"17":1,"18":1,"19":1,"20":1,"21":1,"22":1,"23":0,"24":0,"25":0,"26":0,"27":0,"28":0,"29":0,"30":0,"31":0,"32":0,"33":0,"34":0,"35":0,"36":0,"37":0,"38":0,"39":0,"40":0,"41":0,"42":0,"43":0,"44":1,"45":1,"46":1,"47":1,"48":0},"f":{"0":6,"1":1,"2":0,"3":1,"4":0,"5":1},"b":{"0":[1,0],"1":[0],"2":[0,0],"3":[0],"4":[0],"5":[1,0],"6":[0]}}
}
