TN:
SF:src\index.ts
FN:11,initializePlugin
FNF:1
FNH:1
FNDA:1,initializePlugin
DA:12,1
LF:1
LH:1
BRF:0
BRH:0
end_of_record
TN:
SF:src\platform.ts
FN:20,(anonymous_0)
FN:25,(anonymous_1)
FN:51,(anonymous_2)
FN:61,(anonymous_3)
FN:68,(anonymous_4)
FN:93,(anonymous_5)
FNF:6
FNH:4
FNDA:6,(anonymous_0)
FNDA:1,(anonymous_1)
FNDA:0,(anonymous_2)
FNDA:1,(anonymous_3)
FNDA:0,(anonymous_4)
FNDA:1,(anonymous_5)
DA:21,6
DA:22,6
DA:26,1
DA:28,1
DA:30,1
DA:31,1
DA:32,1
DA:33,1
DA:34,1
DA:37,1
DA:40,1
DA:46,1
DA:47,1
DA:49,1
DA:51,1
DA:52,0
DA:53,0
DA:56,1
DA:58,1
DA:62,1
DA:64,1
DA:65,1
DA:67,1
DA:69,0
DA:70,0
DA:71,0
DA:72,0
DA:73,0
DA:74,0
DA:75,0
DA:76,0
DA:77,0
DA:78,0
DA:79,0
DA:80,0
DA:81,0
DA:82,0
DA:83,0
DA:85,0
DA:86,0
DA:87,0
DA:94,1
DA:95,1
DA:96,1
DA:97,1
LF:45
LH:25
BRDA:26,0,0,1
BRDA:26,0,1,0
BRDA:69,1,0,0
BRDA:69,2,0,0
BRDA:69,2,1,0
BRDA:73,3,0,0
BRDA:74,4,0,0
BRDA:94,5,0,1
BRDA:94,5,1,0
BRDA:97,6,0,0
BRF:10
BRH:2
end_of_record
